<?xml version="1.0" encoding="UTF-8"?>
<testng-results ignored="0" total="0" passed="0" failed="0" skipped="0">
  <reporter-output>
  </reporter-output>
  <suite started-at="2022-06-03T10:48:15 EET" name="akademi.commonClass.AbstractSeleniumTest" finished-at="2022-06-03T10:48:15 EET" duration-ms="14">
    <groups>
    </groups>
    <test started-at="2022-06-03T10:48:15 EET" name="Command line test" finished-at="2022-06-03T10:48:15 EET" duration-ms="14">
    </test> <!-- Command line test -->
  </suite> <!-- akademi.commonClass.AbstractSeleniumTest -->
</testng-results>
